<?xml version="1.0" encoding="UTF-8" ?>
<testsuite failures="0" time="0.044" errors="0" skipped="0" tests="58" name="org.apache.mahout.math.PivotedMatrixTest">
  <properties>
[...]
</properties>
  <testcase time="0" classname="org.apache.mahout.math.PivotedMatrixTest" name="testSwap"/>
  <testcase time="0.001" classname="org.apache.mahout.math.PivotedMatrixTest" name="testGetQuick"/>
  <testcase time="0.001" classname="org.apache.mahout.math.PivotedMatrixTest" name="testGet"/>
  <testcase time="0.001" classname="org.apache.mahout.math.PivotedMatrixTest" name="testCopy"/>
  <testcase time="0.001" classname="org.apache.mahout.math.PivotedMatrixTest" name="testCardinality"/>
  <testcase time="0.001" classname="org.apache.mahout.math.PivotedMatrixTest" name="testIterate"/>
  <testcase time="0.001" classname="org.apache.mahout.math.PivotedMatrixTest" name="testLike"/>
  <testcase time="0.001" classname="org.apache.mahout.math.PivotedMatrixTest" name="testLikeIntInt"/>
  <testcase time="0.001" classname="org.apache.mahout.math.PivotedMatrixTest" name="testSetQuick"/>
  <testcase time="0" classname="org.apache.mahout.math.PivotedMatrixTest" name="testSize"/>
  <testcase time="0.001" classname="org.apache.mahout.math.PivotedMatrixTest" name="testViewPart"/>
  <testcase time="0.001" classname="org.apache.mahout.math.PivotedMatrixTest" name="testViewPartCardinality"/>
  <testcase time="0.001" classname="org.apache.mahout.math.PivotedMatrixTest" name="testViewPartIndexOver"/>
  <testcase time="0" classname="org.apache.mahout.math.PivotedMatrixTest" name="testViewPartIndexUnder"/>
  <testcase time="0.001" classname="org.apache.mahout.math.PivotedMatrixTest" name="testAssignDouble"/>
  <testcase time="0.001" classname="org.apache.mahout.math.PivotedMatrixTest" name="testAssignDoubleArrayArray"/>
  <testcase time="0.001" classname="org.apache.mahout.math.PivotedMatrixTest" name="testAssignDoubleArrayArrayCardinality"/>
  <testcase time="0.001" classname="org.apache.mahout.math.PivotedMatrixTest" name="testAssignMatrixBinaryFunction"/>
  <testcase time="0" classname="org.apache.mahout.math.PivotedMatrixTest" name="testAssignMatrixBinaryFunctionCardinality"/>
  <testcase time="0.001" classname="org.apache.mahout.math.PivotedMatrixTest" name="testAssignMatrix"/>
  <testcase time="0.001" classname="org.apache.mahout.math.PivotedMatrixTest" name="testAssignMatrixCardinality"/>
  <testcase time="0.001" classname="org.apache.mahout.math.PivotedMatrixTest" name="testAssignUnaryFunction"/>
  <testcase time="0" classname="org.apache.mahout.math.PivotedMatrixTest" name="testRowView"/>
  <testcase time="0.001" classname="org.apache.mahout.math.PivotedMatrixTest" name="testColumnView"/>
  <testcase time="0.001" classname="org.apache.mahout.math.PivotedMatrixTest" name="testAggregateRows"/>
  <testcase time="0.001" classname="org.apache.mahout.math.PivotedMatrixTest" name="testAggregateCols"/>
  <testcase time="0.001" classname="org.apache.mahout.math.PivotedMatrixTest" name="testAggregate"/>
  <testcase time="0.001" classname="org.apache.mahout.math.PivotedMatrixTest" name="testDivide"/>
  <testcase time="0.001" classname="org.apache.mahout.math.PivotedMatrixTest" name="testGetIndexUnder"/>
  <testcase time="0.001" classname="org.apache.mahout.math.PivotedMatrixTest" name="testGetIndexOver"/>
  <testcase time="0" classname="org.apache.mahout.math.PivotedMatrixTest" name="testMinus"/>
  <testcase time="0" classname="org.apache.mahout.math.PivotedMatrixTest" name="testMinusCardinality"/>
  <testcase time="0.001" classname="org.apache.mahout.math.PivotedMatrixTest" name="testPlusDouble"/>
  <testcase time="0.001" classname="org.apache.mahout.math.PivotedMatrixTest" name="testPlusMatrix"/>
  <testcase time="0" classname="org.apache.mahout.math.PivotedMatrixTest" name="testPlusMatrixCardinality"/>
  <testcase time="0.001" classname="org.apache.mahout.math.PivotedMatrixTest" name="testSetUnder"/>
  <testcase time="0.007" classname="org.apache.mahout.math.PivotedMatrixTest" name="testSetOver"/>
  <testcase time="0" classname="org.apache.mahout.math.PivotedMatrixTest" name="testTimesDouble"/>
  <testcase time="0.001" classname="org.apache.mahout.math.PivotedMatrixTest" name="testTimesMatrix"/>
  <testcase time="0" classname="org.apache.mahout.math.PivotedMatrixTest" name="testTimesVector"/>
  <testcase time="0" classname="org.apache.mahout.math.PivotedMatrixTest" name="testTimesSquaredTimesVector"/>
  <testcase time="0" classname="org.apache.mahout.math.PivotedMatrixTest" name="testTimesMatrixCardinality"/>
  <testcase time="0" classname="org.apache.mahout.math.PivotedMatrixTest" name="testTranspose"/>
  <testcase time="0" classname="org.apache.mahout.math.PivotedMatrixTest" name="testZSum"/>
  <testcase time="0" classname="org.apache.mahout.math.PivotedMatrixTest" name="testAssignRow"/>
  <testcase time="0.001" classname="org.apache.mahout.math.PivotedMatrixTest" name="testAssignRowCardinality"/>
  <testcase time="0" classname="org.apache.mahout.math.PivotedMatrixTest" name="testAssignColumn"/>
  <testcase time="0" classname="org.apache.mahout.math.PivotedMatrixTest" name="testAssignColumnCardinality"/>
  <testcase time="0" classname="org.apache.mahout.math.PivotedMatrixTest" name="testViewRow"/>
  <testcase time="0" classname="org.apache.mahout.math.PivotedMatrixTest" name="testViewRowIndexUnder"/>
  <testcase time="0" classname="org.apache.mahout.math.PivotedMatrixTest" name="testViewRowIndexOver"/>
  <testcase time="0" classname="org.apache.mahout.math.PivotedMatrixTest" name="testViewColumn"/>
  <testcase time="0" classname="org.apache.mahout.math.PivotedMatrixTest" name="testViewColumnIndexUnder"/>
  <testcase time="0" classname="org.apache.mahout.math.PivotedMatrixTest" name="testViewColumnIndexOver"/>
  <testcase time="0" classname="org.apache.mahout.math.PivotedMatrixTest" name="testDeterminant"/>
  <testcase time="0" classname="org.apache.mahout.math.PivotedMatrixTest" name="testLabelBindings"/>
  <testcase time="0" classname="org.apache.mahout.math.PivotedMatrixTest" name="testSettingLabelBindings"/>
  <testcase time="0" classname="org.apache.mahout.math.PivotedMatrixTest" name="testLabelBindingSerialization"/>
</testsuite>