<?xml version="1.0" encoding="UTF-8" ?>
<testsuite failures="0" time="0.207" errors="0" skipped="0" tests="7" name="org.apache.mahout.common.RandomUtilsTest">
  <properties>
[...]
</properties>
  <testcase time="0.046" classname="org.apache.mahout.common.RandomUtilsTest" name="testHashDouble"/>
  <testcase time="0.001" classname="org.apache.mahout.common.RandomUtilsTest" name="testHashFloat"/>
  <testcase time="0.001" classname="org.apache.mahout.common.RandomUtilsTest" name="testIsNotPrime"/>
  <testcase time="0.001" classname="org.apache.mahout.common.RandomUtilsTest" name="testNextPrime"/>
  <testcase time="0.002" classname="org.apache.mahout.common.RandomUtilsTest" name="testNextTwinPrime"/>
  <testcase time="0.024" classname="org.apache.mahout.common.RandomUtilsTest" name="testLongToSeed"/>
  <testcase time="0.001" classname="org.apache.mahout.common.RandomUtilsTest" name="testSetSeed"/>
</testsuite>